Build started 4/25/2012 3:11:12 PM.
     1>Project "C:\CIS 563\Final Project\CurrentSmoke\SmokeSim\SmokeSim\SmokeSim.vcxproj" on node 2 (build target(s)).
     1>InitializeBuildStatus:
         Creating "Debug\SmokeSim.unsuccessfulbuild" because "AlwaysCreate" was specified.
       ClCompile:
         c:\Program Files (x86)\Microsoft Visual Studio 10.0\VC\bin\CL.exe /c /ZI /nologo /W3 /WX- /Od /Oy- /D _UNICODE /D UNICODE /Gm /EHsc /RTC1 /MDd /GS /fp:precise /Zc:wchar_t /Zc:forScope /Fo"Debug\\" /Fd"Debug\vc100.pdb" /Gd /TP /analyze- /errorReport:prompt SourceCode\constants.cpp SourceCode\mac_grid.cpp
         mac_grid.cpp
         constants.cpp
         Generating Code...
         All outputs are up-to-date.
       Link:
         c:\Program Files (x86)\Microsoft Visual Studio 10.0\VC\bin\link.exe /ERRORREPORT:PROMPT /OUT:"C:\CIS 563\Final Project\CurrentSmoke\SmokeSim\Debug\SmokeSim.exe" /NOLOGO opengl32.lib glu32.lib glut32.lib kernel32.lib user32.lib gdi32.lib winspool.lib comdlg32.lib advapi32.lib shell32.lib ole32.lib oleaut32.lib uuid.lib odbc32.lib odbccp32.lib kernel32.lib user32.lib gdi32.lib winspool.lib comdlg32.lib advapi32.lib shell32.lib ole32.lib oleaut32.lib uuid.lib odbc32.lib odbccp32.lib /MANIFEST /ManifestFile:"Debug\SmokeSim.exe.intermediate.manifest" /MANIFESTUAC:"level='asInvoker' uiAccess='false'" /DEBUG /PDB:"C:\CIS 563\Final Project\CurrentSmoke\SmokeSim\Debug\SmokeSim.pdb" /TLBID:1 /DYNAMICBASE /NXCOMPAT /IMPLIB:"C:\CIS 563\Final Project\CurrentSmoke\SmokeSim\Debug\SmokeSim.lib" /MACHINE:X86 Debug\basic_math.obj
         Debug\blurfilter.obj
         Debug\bmp_manager.obj
         Debug\camera.obj
         Debug\constants.obj
         Debug\EasyBMP.obj
         Debug\fps.obj
         Debug\grid_data.obj
         Debug\mac_grid.obj
         Debug\main.obj
         Debug\smoke_sim.obj
         Debug\stb_image.obj
         Debug\stb_image_write.obj
         Debug\tinystr.obj
         Debug\tinyxml.obj
         Debug\tinyxmlerror.obj
         Debug\tinyxmlparser.obj
         Debug\vec.obj
         Debug\world.obj
         LINK : C:\CIS 563\Final Project\CurrentSmoke\SmokeSim\Debug\SmokeSim.exe not found or not built by the last incremental link; performing full link
         SmokeSim.vcxproj -> C:\CIS 563\Final Project\CurrentSmoke\SmokeSim\Debug\SmokeSim.exe
       Manifest:
         c:\Program Files (x86)\Microsoft SDKs\Windows\v7.0A\bin\mt.exe /nologo /verbose /outputresource:"C:\CIS 563\Final Project\CurrentSmoke\SmokeSim\Debug\SmokeSim.exe;#1" /manifest Debug\SmokeSim.exe.intermediate.manifest
       FinalizeBuildStatus:
         Deleting file "Debug\SmokeSim.unsuccessfulbuild".
         Touching "Debug\SmokeSim.lastbuildstate".
     1>Done Building Project "C:\CIS 563\Final Project\CurrentSmoke\SmokeSim\SmokeSim\SmokeSim.vcxproj" (build target(s)).

Build succeeded.

Time Elapsed 00:00:01.26
